error: expected `record {b, c}` but found `record {b}`

    ┌── ui/multiple_source.sl:3:9 ───                                  @skip
    │
 8 │   then { a: 1, b: 2 }
    │        ^^^^^^^^^^^^^^ found here
    ·
 4 │   then math.add arg.b 1
    │                 ----- expected type inferred here
    ·
 5 │   else math.add arg.c 1 in
    │                 ----- expected type inferred here
    ·
 3 │   let f = func arg => if true
    │ ╭─────────'
 4 │ │   then math.add arg.b 1
 5 │ │   else math.add arg.c 1 in
    │ ╰───────────────────────' in domain of type func here...
    ·
 11 │ f arg
    │ ----- ...and here
    │

